{"D:\\git_library\\staterCICD\\starterCicd\\jest.setup.js": {"path":"D:\\git_library\\staterCICD\\starterCicd\\jest.setup.js","statementMap":{"0":{"start":{"line":3,"column":0},"end":{"line":3,"column":38}}},"fnMap":{},"branchMap":{},"s":{"0":1},"f":{},"b":{},"_coverageSchema":"332fd63041d2c1bcb487cc26dd0d5f7d97098a6c","hash":"71c6598935d40ba215827f52bd1f077ff756b2c9"}
,"D:\\git_library\\staterCICD\\starterCicd\\src\\app.js": {"path":"D:\\git_library\\staterCICD\\starterCicd\\src\\app.js","statementMap":{"0":{"start":{"line":2,"column":12},"end":{"line":8,"column":1}},"1":{"start":{"line":3,"column":2},"end":{"line":7,"column":3}}},"fnMap":{"0":{"name":"(anonymous_0)","decl":{"start":{"line":2,"column":12},"end":{"line":2,"column":13}},"loc":{"start":{"line":2,"column":18},"end":{"line":8,"column":1}},"line":2}},"branchMap":{},"s":{"0":1,"1":1},"f":{"0":1},"b":{},"_coverageSchema":"332fd63041d2c1bcb487cc26dd0d5f7d97098a6c","hash":"02e9b17bcf38dcdb025918b841be8ed2aef1c0d2"}
}
